submission2/app/build/intermediates/manifest_merge_blame_file/debug/manifest-merger-blame-debug-report.txt
1<?xml version="1.0" encoding="utf-8"?>
2<manifest xmlns:android="http://schemas.android.com/apk/res/android"
3    package="com.app.themoviedatabase"
4    android:versionCode="1"
5    android:versionName="1.0" >
6
7    <uses-sdk
8        android:minSdkVersion="22"
8-->src\main\AndroidManifest.xml
9        android:targetSdkVersion="31" />
9-->src\main\AndroidManifest.xml
10
11    <uses-permission android:name="android.permission.INTERNET" />
11-->src\main\AndroidManifest.xml:5:5-67
11-->src\main\AndroidManifest.xml:5:22-64
12
13    <application
13-->src\main\AndroidManifest.xml:7:5-51:19
14        android:allowBackup="true"
14-->src\main\AndroidManifest.xml:8:9-35
15        android:appComponentFactory="androidx.core.app.CoreComponentFactory"
15-->[androidx.core:core:1.7.0] AndroidManifest.xml:24:18-86
16        android:debuggable="true"
17        android:fullBackupContent="true"
17-->src\main\AndroidManifest.xml:9:9-41
18        android:icon="@mipmap/ic_tmdb"
18-->src\main\AndroidManifest.xml:10:9-39
19        android:label="@string/app_name"
19-->src\main\AndroidManifest.xml:11:9-41
20        android:roundIcon="@mipmap/ic_tmdb_round"
20-->src\main\AndroidManifest.xml:12:9-50
21        android:supportsRtl="true"
21-->src\main\AndroidManifest.xml:13:9-35
22        android:testOnly="true"
23        android:theme="@style/Theme.TheMovieDatabase" >
23-->src\main\AndroidManifest.xml:14:9-54
24        <activity
24-->src\main\AndroidManifest.xml:15:9-24:20
25            android:name="com.app.themoviedatabase.ui.home.SplashActivity"
25-->src\main\AndroidManifest.xml:16:13-51
26            android:exported="true"
26-->src\main\AndroidManifest.xml:18:13-36
27            android:theme="@style/Theme.TheMovieDatabase.NoActionBar" >
27-->src\main\AndroidManifest.xml:17:13-70
28            <intent-filter>
28-->src\main\AndroidManifest.xml:19:13-23:29
29                <action android:name="android.intent.action.MAIN" />
29-->src\main\AndroidManifest.xml:20:17-69
29-->src\main\AndroidManifest.xml:20:25-66
30
31                <category android:name="android.intent.category.LAUNCHER" />
31-->src\main\AndroidManifest.xml:22:17-77
31-->src\main\AndroidManifest.xml:22:27-74
32            </intent-filter>
33        </activity>
34        <activity
34-->src\main\AndroidManifest.xml:25:9-32:20
35            android:name="com.app.themoviedatabase.ui.detail.tvshow.DetailTvShowActivity"
35-->src\main\AndroidManifest.xml:26:13-66
36            android:exported="false"
36-->src\main\AndroidManifest.xml:27:13-37
37            android:theme="@style/Theme.TheMovieDatabase.NoActionBar" >
37-->src\main\AndroidManifest.xml:28:13-70
38            <meta-data
38-->src\main\AndroidManifest.xml:29:13-31:57
39                android:name="android.support.PARENT_ACTIVITY"
39-->src\main\AndroidManifest.xml:30:17-63
40                android:value=".ui.home.HomeActivity" />
40-->src\main\AndroidManifest.xml:31:17-54
41        </activity>
42        <activity
42-->src\main\AndroidManifest.xml:33:9-41:20
43            android:name="com.app.themoviedatabase.ui.detail.movie.DetailMovieActivity"
43-->src\main\AndroidManifest.xml:34:13-64
44            android:exported="false"
44-->src\main\AndroidManifest.xml:35:13-37
45            android:label="@string/title_activity_detail"
45-->src\main\AndroidManifest.xml:36:13-58
46            android:theme="@style/Theme.TheMovieDatabase.NoActionBar" >
46-->src\main\AndroidManifest.xml:37:13-70
47            <meta-data
47-->src\main\AndroidManifest.xml:29:13-31:57
48                android:name="android.support.PARENT_ACTIVITY"
48-->src\main\AndroidManifest.xml:30:17-63
49                android:value=".ui.home.HomeActivity" />
49-->src\main\AndroidManifest.xml:31:17-54
50        </activity>
51        <activity
51-->src\main\AndroidManifest.xml:42:9-46:20
52            android:name="com.app.themoviedatabase.ui.home.HomeActivity"
52-->src\main\AndroidManifest.xml:43:13-49
53            android:exported="true"
53-->src\main\AndroidManifest.xml:44:13-36
54            android:theme="@style/Theme.TheMovieDatabase.NoActionBar" >
54-->src\main\AndroidManifest.xml:45:13-70
55        </activity>
56
57        <meta-data
57-->src\main\AndroidManifest.xml:48:9-50:57
58            android:name="preloaded_fonts"
58-->src\main\AndroidManifest.xml:49:13-43
59            android:resource="@array/preloaded_fonts" />
59-->src\main\AndroidManifest.xml:50:13-54
60    </application>
61
62</manifest>